2014-12-10 17:15:58 org.apache.catalina.core.AprLifecycleListener init
信息: The APR based Apache Tomcat Native library which allows optimal performance in production environments was not found on the java.library.path: C:\Program Files\Java\jdk1.6.0_43\bin;C:\Windows\Sun\Java\bin;C:\Windows\system32;C:\Windows;E:\apache-ant-1.9.4\bin;C:\Windows\system32;C:\Windows;C:\Windows\System32\Wbem;C:\Windows\System32\WindowsPowerShell\v1.0\;C:\Program Files (x86)\Intel\OpenCL SDK\2.0\bin\x86;C:\Program Files (x86)\Intel\OpenCL SDK\2.0\bin\x64;E:\DevelopmentTools\apache-maven-3.2.3\bin;%JAVA_HOME%\jre\bin;%JAVA_HOME%\bin;C:\Program Files\TortoiseSVN\bin;C:\Program Files\Java\jdk1.6.0_43\bin;D:\Program Files (x86)\OpenVPN\bin;.
2014-12-10 17:15:58 org.apache.coyote.http11.Http11Protocol init
信息: Initializing Coyote HTTP/1.1 on http-8080
2014-12-10 17:15:58 org.apache.catalina.startup.Catalina load
信息: Initialization processed in 504 ms
2014-12-10 17:15:58 org.apache.catalina.core.StandardService start
信息: Starting service Catalina
2014-12-10 17:15:58 org.apache.catalina.core.StandardEngine start
信息: Starting Servlet Engine: Apache Tomcat/6.0.39
2014-12-10 17:15:58 org.apache.catalina.startup.HostConfig deployDescriptor
信息: Deploying configuration descriptor pentaho.xml
2014-12-10 17:15:58 org.apache.catalina.startup.ContextConfig validateSecurityRoles
警告: Security role name PENTAHO_ADMIN used in an <auth-constraint> without being defined in a <security-role>
2014-12-10 17:16:17 org.apache.catalina.startup.HostConfig deployDirectory
信息: Deploying web application directory pentaho-style
2014-12-10 17:16:17 org.apache.catalina.startup.HostConfig deployDirectory
信息: Deploying web application directory ROOT
2014-12-10 17:16:17 org.apache.catalina.startup.HostConfig deployDirectory
信息: Deploying web application directory sw-style
2014-12-10 17:16:17 org.apache.coyote.http11.Http11Protocol start
信息: Starting Coyote HTTP/1.1 on http-8080
2014-12-10 17:16:17 org.apache.jk.common.ChannelSocket init
信息: JK: ajp13 listening on /0.0.0.0:8009
2014-12-10 17:16:17 org.apache.jk.server.JkMain start
信息: Jk running ID=0 time=0/32  config=null
2014-12-10 17:16:17 org.apache.catalina.startup.Catalina start
信息: Server startup in 19132 ms
2014-12-10 17:19:59 com.sun.jersey.spi.spring.container.SpringComponentProviderFactory registerSpringBeans
信息: Registering Spring bean, xcdf, of type org.pentaho.cdf.CdfContentGenerator as a root resource class
2014-12-10 17:19:59 com.sun.jersey.spi.spring.container.SpringComponentProviderFactory registerSpringBeans
信息: Registering Spring bean, xcdf.mobile, of type org.pentaho.cdf.CdfContentGenerator as a root resource class
2014-12-10 17:19:59 com.sun.jersey.spi.spring.container.SpringComponentProviderFactory registerSpringBeans
信息: Registering Spring bean, storage, of type org.pentaho.cdf.storage.StorageApi as a root resource class
2014-12-10 17:19:59 com.sun.jersey.spi.spring.container.SpringComponentProviderFactory registerSpringBeans
信息: Registering Spring bean, comments, of type org.pentaho.cdf.comments.CommentsApi as a root resource class
2014-12-10 17:19:59 com.sun.jersey.spi.spring.container.SpringComponentProviderFactory registerSpringBeans
信息: Registering Spring bean, settings, of type org.pentaho.cdf.settings.SettingsApi as a root resource class
2014-12-10 17:19:59 com.sun.jersey.spi.spring.container.SpringComponentProviderFactory registerSpringBeans
信息: Registering Spring bean, views, of type org.pentaho.cdf.views.ViewsApi as a root resource class
2014-12-10 17:19:59 com.sun.jersey.server.impl.application.WebApplicationImpl _initiate
信息: Initiating Jersey application, version 'Jersey: 1.16 11/28/2012 03:18 PM'
2014-12-10 17:20:00 com.sun.jersey.spi.inject.Errors processErrorMessages
警告: The following warnings have been detected with resource and/or provider classes:
  WARNING: A HTTP GET method, public void org.pentaho.cdf.CdfContentGenerator.getResource(java.lang.String,java.lang.String,javax.servlet.http.HttpServletResponse) throws java.lang.Exception, MUST return a non-void type.
  WARNING: A HTTP GET method, public void org.pentaho.cdf.CdfContentGenerator.clearCache(javax.servlet.http.HttpServletResponse), MUST return a non-void type.
  WARNING: A HTTP GET method, public void org.pentaho.cdf.CdfContentGenerator.export(java.lang.String,java.lang.String,java.lang.String,java.lang.String,java.lang.String,javax.servlet.http.HttpServletRequest,javax.servlet.http.HttpServletResponse) throws java.lang.Exception, MUST return a non-void type.
  WARNING: A HTTP GET method, public void org.pentaho.cdf.CdfContentGenerator.callAction(java.lang.String,java.lang.String,java.lang.String,java.lang.String,javax.servlet.http.HttpServletRequest,javax.servlet.http.HttpServletResponse) throws java.lang.Exception, MUST return a non-void type.
  WARNING: A HTTP GET method, public void org.pentaho.cdf.CdfContentGenerator.viewAction(java.lang.String,java.lang.String,java.lang.String,java.lang.String,javax.servlet.http.HttpServletRequest,javax.servlet.http.HttpServletResponse) throws java.lang.Exception, MUST return a non-void type.
  WARNING: A HTTP GET method, public void org.pentaho.cdf.CdfContentGenerator.getJSONSolution(java.lang.String,java.lang.String,java.lang.String,int,boolean,java.lang.String,javax.servlet.http.HttpServletResponse) throws org.pentaho.cdf.InvalidCdfOperationException, MUST return a non-void type.
  WARNING: A HTTP GET method, public void org.pentaho.cdf.comments.CommentsApi.add(java.lang.String,java.lang.String,javax.servlet.http.HttpServletResponse,javax.servlet.http.HttpServletRequest), MUST return a non-void type.
  WARNING: A HTTP GET method, public void org.pentaho.cdf.comments.CommentsApi.list(java.lang.String,int,int,javax.servlet.http.HttpServletResponse,javax.servlet.http.HttpServletRequest), MUST return a non-void type.
  WARNING: A HTTP GET method, public void org.pentaho.cdf.comments.CommentsApi.delete(int,javax.servlet.http.HttpServletResponse,javax.servlet.http.HttpServletRequest), MUST return a non-void type.
  WARNING: A HTTP GET method, public void org.pentaho.cdf.comments.CommentsApi.archive(int,javax.servlet.http.HttpServletResponse,javax.servlet.http.HttpServletRequest), MUST return a non-void type.
  WARNING: A HTTP GET method, public void org.pentaho.cdf.settings.SettingsApi.get(java.lang.String,javax.servlet.http.HttpServletResponse,javax.servlet.http.HttpServletRequest), MUST return a non-void type.
  WARNING: A HTTP GET method, public void org.pentaho.cdf.settings.SettingsApi.set(java.lang.String,java.lang.String,javax.servlet.http.HttpServletResponse,javax.servlet.http.HttpServletRequest), MUST return a non-void type.
  WARNING: A HTTP GET method, public void org.pentaho.cdf.views.ViewsApi.listViews(javax.servlet.http.HttpServletResponse,javax.servlet.http.HttpServletRequest), MUST return a non-void type.
  WARNING: A HTTP GET method, public void org.pentaho.cdf.views.ViewsApi.saveView(java.lang.String,javax.servlet.http.HttpServletResponse,javax.servlet.http.HttpServletRequest), MUST return a non-void type.
  WARNING: A HTTP GET method, public void org.pentaho.cdf.views.ViewsApi.deleteView(java.lang.String,javax.servlet.http.HttpServletResponse,javax.servlet.http.HttpServletRequest), MUST return a non-void type.
2014-12-10 17:20:00 com.sun.jersey.spi.spring.container.SpringComponentProviderFactory registerSpringBeans
信息: Registering Spring bean, pt.webdetails.cgg.CggService#0, of type pt.webdetails.cgg.CggService as a root resource class
2014-12-10 17:20:00 com.sun.jersey.server.impl.application.WebApplicationImpl _initiate
信息: Initiating Jersey application, version 'Jersey: 1.16 11/28/2012 03:18 PM'
2014-12-10 17:20:00 com.sun.jersey.spi.inject.Errors processErrorMessages
警告: The following warnings have been detected with resource and/or provider classes:
  WARNING: A HTTP GET method, public void pt.webdetails.cgg.CggService.draw(java.lang.String,java.lang.String,java.lang.String,java.lang.String,java.lang.Long,java.lang.Long,javax.servlet.http.HttpServletResponse,javax.servlet.http.HttpServletRequest), MUST return a non-void type.
2014-12-10 17:20:00 com.sun.jersey.spi.spring.container.SpringComponentProviderFactory registerSpringBeans
信息: Registering Spring bean, org.pentaho.platform.dataaccess.datasource.wizard.service.impl.DatasourceResource#0, of type org.pentaho.platform.dataaccess.datasource.wizard.service.impl.DatasourceResource as a root resource class
2014-12-10 17:20:00 com.sun.jersey.spi.spring.container.SpringComponentProviderFactory registerSpringBeans
信息: Registering Spring bean, org.pentaho.platform.dataaccess.datasource.wizard.service.impl.AnalysisDatasourceService#0, of type org.pentaho.platform.dataaccess.datasource.wizard.service.impl.AnalysisDatasourceService as a root resource class
2014-12-10 17:20:00 com.sun.jersey.spi.spring.container.SpringComponentProviderFactory registerSpringBeans
信息: Registering Spring bean, org.pentaho.platform.dataaccess.datasource.wizard.service.impl.MetadataDatasourceService#0, of type org.pentaho.platform.dataaccess.datasource.wizard.service.impl.MetadataDatasourceService as a root resource class
2014-12-10 17:20:00 com.sun.jersey.spi.spring.container.SpringComponentProviderFactory registerSpringBeans
信息: Registering Spring bean, org.pentaho.platform.dataaccess.datasource.wizard.service.impl.ConnectionService#0, of type org.pentaho.platform.dataaccess.datasource.wizard.service.impl.ConnectionService as a root resource class
2014-12-10 17:20:00 com.sun.jersey.spi.spring.container.SpringComponentProviderFactory registerSpringBeans
信息: Registering Spring bean, org.pentaho.platform.dataaccess.datasource.wizard.service.impl.DatabaseDialectService#0, of type org.pentaho.platform.dataaccess.datasource.wizard.service.impl.DatabaseDialectService as a root resource class
2014-12-10 17:20:00 com.sun.jersey.spi.spring.container.SpringComponentProviderFactory registerSpringBeans
信息: Registering Spring bean, org.pentaho.platform.dataaccess.datasource.wizard.service.impl.PentahoJAXBContextResolver#0, of type org.pentaho.platform.dataaccess.datasource.wizard.service.impl.PentahoJAXBContextResolver as a provider class
2014-12-10 17:20:00 com.sun.jersey.spi.spring.container.SpringComponentProviderFactory registerSpringBeans
信息: Registering Spring bean, org.pentaho.platform.dataaccess.datasource.wizard.service.impl.DataAccessPermissionResource#0, of type org.pentaho.platform.dataaccess.datasource.wizard.service.impl.DataAccessPermissionResource as a root resource class
2014-12-10 17:20:00 com.sun.jersey.spi.spring.container.SpringComponentProviderFactory registerSpringBeans
信息: Registering Spring bean, org.pentaho.platform.dataaccess.datasource.wizard.service.impl.DatabaseConnectionReaderWriter#0, of type org.pentaho.platform.dataaccess.datasource.wizard.service.impl.DatabaseConnectionReaderWriter as a provider class
2014-12-10 17:20:00 com.sun.jersey.spi.spring.container.SpringComponentProviderFactory registerSpringBeans
信息: Registering Spring bean, org.pentaho.platform.dataaccess.datasource.wizard.service.impl.DatabaseConnectionListReaderWriter#0, of type org.pentaho.platform.dataaccess.datasource.wizard.service.impl.DatabaseConnectionListReaderWriter as a provider class
2014-12-10 17:20:00 com.sun.jersey.spi.spring.container.SpringComponentProviderFactory registerSpringBeans
信息: Registering Spring bean, xml-metadataServiceDA/org.pentaho.platform.dataaccess.metadata.service.MetadataService, of type org.pentaho.platform.dataaccess.metadata.service.MetadataService as a root resource class
2014-12-10 17:20:00 com.sun.jersey.spi.spring.container.SpringComponentProviderFactory registerSpringBeans
信息: Registering Spring bean, gwt-metadataServiceDA/org.pentaho.platform.dataaccess.metadata.service.MetadataService, of type org.pentaho.platform.dataaccess.metadata.service.MetadataService as a root resource class
2014-12-10 17:20:00 com.sun.jersey.server.impl.application.WebApplicationImpl _initiate
信息: Initiating Jersey application, version 'Jersey: 1.16 11/28/2012 03:18 PM'
2014-12-10 17:20:03 com.sun.xml.ws.server.MonitorBase createRoot
信息: Metro monitoring rootname successfully set to: com.sun.metro:pp=/,type=WSEndpoint,name=/pentaho-datasourceMgmtService-datasourceMgmtServicePort
2014-12-10 17:20:03 com.sun.xml.ws.server.MonitorBase createRoot
信息: Metro monitoring rootname successfully set to: com.sun.metro:pp=/,type=WSEndpoint,name=/pentaho-userRoleService-userRoleServicePort
2014-12-10 17:20:04 com.sun.xml.ws.server.MonitorBase createRoot
信息: Metro monitoring rootname successfully set to: com.sun.metro:pp=/,type=WSEndpoint,name=/pentaho-userRoleListService-userRoleListServicePort
2014-12-10 17:20:04 com.sun.xml.ws.server.MonitorBase createRoot
信息: Metro monitoring rootname successfully set to: com.sun.metro:pp=/,type=WSEndpoint,name=/pentaho-authorizationPolicy-authorizationPolicyPort
2014-12-10 17:20:04 com.sun.xml.ws.server.MonitorBase createRoot
信息: Metro monitoring rootname successfully set to: com.sun.metro:pp=/,type=WSEndpoint,name=/pentaho-roleBindingDao-roleBindingDaoPort
2014-12-10 17:20:04 com.sun.xml.ws.server.MonitorBase createRoot
信息: Metro monitoring rootname successfully set to: com.sun.metro:pp=/,type=WSEndpoint,name=/pentaho-Scheduler-SchedulerPort
2014-12-10 17:20:04 com.sun.jersey.spi.spring.container.SpringComponentProviderFactory registerSpringBeans
信息: Registering Spring bean, org.pentaho.platform.web.http.api.resources.JAXBContextResolver#0, of type org.pentaho.platform.web.http.api.resources.JAXBContextResolver as a provider class
2014-12-10 17:20:04 com.sun.jersey.spi.spring.container.SpringComponentProviderFactory registerSpringBeans
信息: Registering Spring bean, org.pentaho.platform.web.http.api.resources.RootResource#0, of type org.pentaho.platform.web.http.api.resources.RootResource as a root resource class
2014-12-10 17:20:04 com.sun.jersey.spi.spring.container.SpringComponentProviderFactory registerSpringBeans
信息: Registering Spring bean, org.pentaho.platform.web.http.api.resources.DirectoryResource#0, of type org.pentaho.platform.web.http.api.resources.DirectoryResource as a root resource class
2014-12-10 17:20:04 com.sun.jersey.spi.spring.container.SpringComponentProviderFactory registerSpringBeans
信息: Registering Spring bean, org.pentaho.platform.web.http.api.resources.UserRoleDaoResource#0, of type org.pentaho.platform.web.http.api.resources.UserRoleDaoResource as a root resource class
2014-12-10 17:20:04 com.sun.jersey.spi.spring.container.SpringComponentProviderFactory registerSpringBeans
信息: Registering Spring bean, org.pentaho.platform.web.http.api.resources.UserRoleListResource#0, of type org.pentaho.platform.web.http.api.resources.UserRoleListResource as a root resource class
2014-12-10 17:20:04 com.sun.jersey.spi.spring.container.SpringComponentProviderFactory registerSpringBeans
信息: Registering Spring bean, org.pentaho.platform.web.http.api.resources.FileResource#0, of type org.pentaho.platform.web.http.api.resources.FileResource as a root resource class
2014-12-10 17:20:04 com.sun.jersey.spi.spring.container.SpringComponentProviderFactory registerSpringBeans
信息: Registering Spring bean, org.pentaho.platform.web.http.api.resources.EmailResource#0, of type org.pentaho.platform.web.http.api.resources.EmailResource as a root resource class
2014-12-10 17:20:04 com.sun.jersey.spi.spring.container.SpringComponentProviderFactory registerSpringBeans
信息: Registering Spring bean, org.pentaho.platform.web.http.api.resources.SessionResource#0, of type org.pentaho.platform.web.http.api.resources.SessionResource as a root resource class
2014-12-10 17:20:05 com.sun.jersey.spi.spring.container.SpringComponentProviderFactory registerSpringBeans
信息: Registering Spring bean, org.pentaho.platform.web.http.api.resources.SchedulerResource#0, of type org.pentaho.platform.web.http.api.resources.SchedulerResource as a root resource class
2014-12-10 17:20:05 com.sun.jersey.spi.spring.container.SpringComponentProviderFactory registerSpringBeans
信息: Registering Spring bean, org.pentaho.platform.web.http.api.resources.BlockoutResource#0, of type org.pentaho.platform.web.http.api.resources.BlockoutResource as a root resource class
2014-12-10 17:20:05 com.sun.jersey.spi.spring.container.SpringComponentProviderFactory registerSpringBeans
信息: Registering Spring bean, org.pentaho.platform.web.http.api.resources.RepositoryResource#0, of type org.pentaho.platform.web.http.api.resources.RepositoryResource as a root resource class
2014-12-10 17:20:05 com.sun.jersey.spi.spring.container.SpringComponentProviderFactory registerSpringBeans
信息: Registering Spring bean, org.pentaho.platform.web.http.api.resources.RepositoryImportResource#0, of type org.pentaho.platform.web.http.api.resources.RepositoryImportResource as a root resource class
2014-12-10 17:20:05 com.sun.jersey.spi.spring.container.SpringComponentProviderFactory registerSpringBeans
信息: Registering Spring bean, org.pentaho.platform.web.http.api.resources.PluginResource#0, of type org.pentaho.platform.web.http.api.resources.PluginResource as a root resource class
2014-12-10 17:20:05 com.sun.jersey.spi.spring.container.SpringComponentProviderFactory registerSpringBeans
信息: Registering Spring bean, org.pentaho.platform.web.http.api.resources.PluginManagerResource#0, of type org.pentaho.platform.web.http.api.resources.PluginManagerResource as a root resource class
2014-12-10 17:20:05 com.sun.jersey.spi.spring.container.SpringComponentProviderFactory registerSpringBeans
信息: Registering Spring bean, org.pentaho.platform.web.http.api.resources.SystemPermissionsResource#0, of type org.pentaho.platform.web.http.api.resources.SystemPermissionsResource as a root resource class
2014-12-10 17:20:05 com.sun.jersey.spi.spring.container.SpringComponentProviderFactory registerSpringBeans
信息: Registering Spring bean, org.pentaho.platform.web.http.api.resources.SystemUsersResource#0, of type org.pentaho.platform.web.http.api.resources.SystemUsersResource as a root resource class
2014-12-10 17:20:05 com.sun.jersey.spi.spring.container.SpringComponentProviderFactory registerSpringBeans
信息: Registering Spring bean, org.pentaho.platform.web.http.api.resources.SystemRolesResource#0, of type org.pentaho.platform.web.http.api.resources.SystemRolesResource as a root resource class
2014-12-10 17:20:05 com.sun.jersey.spi.spring.container.SpringComponentProviderFactory registerSpringBeans
信息: Registering Spring bean, org.pentaho.platform.web.http.api.resources.SystemResource#0, of type org.pentaho.platform.web.http.api.resources.SystemResource as a root resource class
2014-12-10 17:20:05 com.sun.jersey.spi.spring.container.SpringComponentProviderFactory registerSpringBeans
信息: Registering Spring bean, org.pentaho.platform.web.http.api.resources.GeneratorStreamingOutputProvider#0, of type org.pentaho.platform.web.http.api.resources.GeneratorStreamingOutputProvider as a provider class
2014-12-10 17:20:05 com.sun.jersey.spi.spring.container.SpringComponentProviderFactory registerSpringBeans
信息: Registering Spring bean, org.pentaho.platform.web.http.api.resources.ThemeResource#0, of type org.pentaho.platform.web.http.api.resources.ThemeResource as a root resource class
2014-12-10 17:20:05 com.sun.jersey.spi.spring.container.SpringComponentProviderFactory registerSpringBeans
信息: Registering Spring bean, org.pentaho.platform.web.http.api.resources.SystemRefreshResource#0, of type org.pentaho.platform.web.http.api.resources.SystemRefreshResource as a root resource class
2014-12-10 17:20:05 com.sun.jersey.spi.spring.container.SpringComponentProviderFactory registerSpringBeans
信息: Registering Spring bean, org.pentaho.platform.web.http.api.resources.VersionResource#0, of type org.pentaho.platform.web.http.api.resources.VersionResource as a root resource class
2014-12-10 17:20:05 com.sun.jersey.spi.spring.container.SpringComponentProviderFactory registerSpringBeans
信息: Registering Spring bean, org.pentaho.platform.web.http.api.resources.UserConsoleResource#0, of type org.pentaho.platform.web.http.api.resources.UserConsoleResource as a root resource class
2014-12-10 17:20:05 com.sun.jersey.spi.spring.container.SpringComponentProviderFactory registerSpringBeans
信息: Registering Spring bean, org.pentaho.platform.web.http.api.resources.UserSettingsResource#0, of type org.pentaho.platform.web.http.api.resources.UserSettingsResource as a root resource class
2014-12-10 17:20:05 com.sun.jersey.spi.spring.container.SpringComponentProviderFactory registerSpringBeans
信息: Registering Spring bean, org.pentaho.platform.web.http.api.resources.RepositoryPublishResource#0, of type org.pentaho.platform.web.http.api.resources.RepositoryPublishResource as a root resource class
2014-12-10 17:20:05 com.sun.jersey.spi.spring.container.SpringComponentProviderFactory registerSpringBeans
信息: Registering Spring bean, org.pentaho.platform.web.http.api.resources.AuthorizationActionResource#0, of type org.pentaho.platform.web.http.api.resources.AuthorizationActionResource as a root resource class
2014-12-10 17:20:05 com.sun.jersey.server.impl.application.WebApplicationImpl _initiate
信息: Initiating Jersey application, version 'Jersey: 1.16 11/28/2012 03:18 PM'
2014-12-10 17:20:05 com.sun.jersey.spi.inject.Errors processErrorMessages
警告: The following warnings have been detected with resource and/or provider classes:
  WARNING: A HTTP GET method, public javax.ws.rs.core.Response org.pentaho.platform.web.http.api.resources.EmailResource.deleteEmailConfig(org.pentaho.platform.plugin.services.email.EmailConfiguration), should not consume any entity.
  WARNING: A HTTP GET method, public javax.ws.rs.core.Response org.pentaho.platform.web.http.api.resources.BlockoutResource.willFire(org.pentaho.platform.web.http.api.resources.JobScheduleRequest), should not consume any entity.
2014-12-10 17:35:29 org.apache.catalina.startup.Catalina stopServer
严重: Catalina.stop: 
java.net.ConnectException: Connection refused: connect
	at java.net.PlainSocketImpl.socketConnect(Native Method)
	at java.net.PlainSocketImpl.doConnect(PlainSocketImpl.java:351)
	at java.net.PlainSocketImpl.connectToAddress(PlainSocketImpl.java:213)
	at java.net.PlainSocketImpl.connect(PlainSocketImpl.java:200)
	at java.net.SocksSocketImpl.connect(SocksSocketImpl.java:366)
	at java.net.Socket.connect(Socket.java:529)
	at java.net.Socket.connect(Socket.java:478)
	at java.net.Socket.<init>(Socket.java:375)
	at java.net.Socket.<init>(Socket.java:189)
	at org.apache.catalina.startup.Catalina.stopServer(Catalina.java:422)
	at sun.reflect.NativeMethodAccessorImpl.invoke0(Native Method)
	at sun.reflect.NativeMethodAccessorImpl.invoke(NativeMethodAccessorImpl.java:39)
	at sun.reflect.DelegatingMethodAccessorImpl.invoke(DelegatingMethodAccessorImpl.java:25)
	at java.lang.reflect.Method.invoke(Method.java:597)
	at org.apache.catalina.startup.Bootstrap.stopServer(Bootstrap.java:338)
	at org.apache.catalina.startup.Bootstrap.main(Bootstrap.java:416)
