2014-12-12 16:11:24,352 ERROR [org.pentaho.platform.engine.services.ActionSequenceJCRHelper] ActionSequenceJCRHelper.ERROR_0007 - Could not read properties file /public/bi-developers/Secure/global-department-list.xaction
org.pentaho.platform.api.repository2.unified.UnifiedRepositoryException: exception while getting children for folder with id "a9dad4a9-d43e-47fc-88e1-1c43b9d6331d"

Reference number: 37da3c71-a5b9-4f0e-a874-b48485004896
	at org.pentaho.platform.repository2.unified.ExceptionLoggingDecorator.callLogThrow(ExceptionLoggingDecorator.java:476)
	at org.pentaho.platform.repository2.unified.ExceptionLoggingDecorator.getChildren(ExceptionLoggingDecorator.java:130)
	at org.pentaho.platform.engine.services.ActionSequenceJCRHelper.listFiles(ActionSequenceJCRHelper.java:300)
	at org.pentaho.platform.engine.services.ActionSequenceJCRHelper.getLocaleString(ActionSequenceJCRHelper.java:213)
	at org.pentaho.platform.engine.services.ActionSequenceJCRHelper.localizeDoc(ActionSequenceJCRHelper.java:187)
	at org.pentaho.platform.engine.services.ActionSequenceJCRHelper.getSolutionDocument(ActionSequenceJCRHelper.java:131)
	at org.pentaho.platform.engine.services.ActionSequenceJCRHelper.getActionSequence(ActionSequenceJCRHelper.java:94)
	at org.pentaho.platform.engine.services.solution.SolutionEngine.createActionSequence(SolutionEngine.java:430)
	at org.pentaho.platform.engine.services.solution.SolutionEngine.executeInternal(SolutionEngine.java:352)
	at org.pentaho.platform.engine.services.solution.SolutionEngine.execute(SolutionEngine.java:305)
	at org.pentaho.platform.engine.services.solution.SolutionEngine.execute(SolutionEngine.java:184)
	at org.pentaho.platform.engine.core.system.PentahoSystem.globalStartup(PentahoSystem.java:868)
	at org.pentaho.platform.engine.core.system.PentahoSystem$2.call(PentahoSystem.java:825)
	at org.pentaho.platform.engine.core.system.PentahoSystem$2.call(PentahoSystem.java:822)
	at org.pentaho.platform.engine.security.SecurityHelper.runAsSystem(SecurityHelper.java:389)
	at org.pentaho.platform.engine.core.system.PentahoSystem.globalStartup(PentahoSystem.java:822)
	at org.pentaho.platform.engine.core.system.PentahoSystem.init(PentahoSystem.java:282)
	at org.pentaho.platform.engine.core.system.PentahoSystem.init(PentahoSystem.java:182)
	at org.pentaho.platform.web.http.context.SolutionContextListener.contextInitialized(SolutionContextListener.java:136)
	at org.apache.catalina.core.StandardContext.listenerStart(StandardContext.java:4210)
	at org.apache.catalina.core.StandardContext.start(StandardContext.java:4709)
	at org.apache.catalina.core.ContainerBase.addChildInternal(ContainerBase.java:799)
	at org.apache.catalina.core.ContainerBase.addChild(ContainerBase.java:779)
	at org.apache.catalina.core.StandardHost.addChild(StandardHost.java:583)
	at org.apache.catalina.startup.HostConfig.deployDescriptor(HostConfig.java:675)
	at org.apache.catalina.startup.HostConfig.deployDescriptors(HostConfig.java:601)
	at org.apache.catalina.startup.HostConfig.deployApps(HostConfig.java:502)
	at org.apache.catalina.startup.HostConfig.start(HostConfig.java:1317)
	at org.apache.catalina.startup.HostConfig.lifecycleEvent(HostConfig.java:324)
	at org.apache.catalina.util.LifecycleSupport.fireLifecycleEvent(LifecycleSupport.java:142)
	at org.apache.catalina.core.ContainerBase.start(ContainerBase.java:1065)
	at org.apache.catalina.core.StandardHost.start(StandardHost.java:822)
	at org.apache.catalina.core.ContainerBase.start(ContainerBase.java:1057)
	at org.apache.catalina.core.StandardEngine.start(StandardEngine.java:463)
	at org.apache.catalina.core.StandardService.start(StandardService.java:525)
	at org.apache.catalina.core.StandardServer.start(StandardServer.java:754)
	at org.apache.catalina.startup.Catalina.start(Catalina.java:595)
	at sun.reflect.NativeMethodAccessorImpl.invoke0(Native Method)
	at sun.reflect.NativeMethodAccessorImpl.invoke(NativeMethodAccessorImpl.java:39)
	at sun.reflect.DelegatingMethodAccessorImpl.invoke(DelegatingMethodAccessorImpl.java:25)
	at java.lang.reflect.Method.invoke(Method.java:597)
	at org.apache.catalina.startup.Bootstrap.start(Bootstrap.java:289)
	at org.apache.catalina.startup.Bootstrap.main(Bootstrap.java:414)
2014-12-12 16:11:24,631 ERROR [org.pentaho.platform.plugin.action.sql.SQLLookupRule] Error Start: Pentaho Pentaho Platform Core 5.0-SNAPSHOT.development
2014-12-12 16:11:24,633 ERROR [org.pentaho.platform.plugin.action.sql.SQLLookupRule] 76651d45-81d6-11e4-8592-94de8020054a:COMPONENT:context-1299469995-1418371883745:global-department-list.xactionConnectFactory.ERROR_0001 - 无法建立数据库连接: SampleData
org.pentaho.platform.api.data.DBDatasourceServiceException: PooledOrJndiDatasourceService.ERROR_0003 - Unable to get jndi datasource
	at org.pentaho.platform.engine.services.connection.datasource.dbcp.PooledOrJndiDatasourceService.retrieve(PooledOrJndiDatasourceService.java:63)
	at org.pentaho.platform.engine.services.connection.datasource.dbcp.PooledOrJndiDatasourceService.getDataSource(PooledOrJndiDatasourceService.java:110)
	at org.pentaho.platform.plugin.services.connections.sql.SQLConnection.initWithJNDI(SQLConnection.java:192)
	at org.pentaho.platform.plugin.services.connections.sql.SQLConnection.setProperties(SQLConnection.java:106)
	at org.pentaho.platform.engine.services.connection.PentahoConnectionFactory.getConnection(PentahoConnectionFactory.java:129)
	at org.pentaho.platform.engine.services.connection.PentahoConnectionFactory.getConnection(PentahoConnectionFactory.java:73)
	at org.pentaho.platform.plugin.action.sql.SQLBaseComponent.getConnection(SQLBaseComponent.java:893)
	at org.pentaho.platform.plugin.action.sql.SQLBaseComponent.getConnection(SQLBaseComponent.java:859)
	at org.pentaho.platform.plugin.action.sql.SQLBaseComponent.getDatasourceConnection(SQLBaseComponent.java:809)
	at org.pentaho.platform.plugin.action.sql.SQLBaseComponent.executeAction(SQLBaseComponent.java:211)
	at org.pentaho.platform.engine.services.solution.ComponentBase.execute(ComponentBase.java:465)
	at org.pentaho.platform.engine.services.runtime.RuntimeContext.executeComponent(RuntimeContext.java:1314)
	at org.pentaho.platform.engine.services.runtime.RuntimeContext.executeAction(RuntimeContext.java:1280)
	at org.pentaho.platform.engine.services.runtime.RuntimeContext.performActions(RuntimeContext.java:1177)
	at org.pentaho.platform.engine.services.runtime.RuntimeContext.executeLoop(RuntimeContext.java:1123)
	at org.pentaho.platform.engine.services.runtime.RuntimeContext.executeSequence(RuntimeContext.java:1005)
	at org.pentaho.platform.engine.services.runtime.RuntimeContext.executeSequence(RuntimeContext.java:911)
	at org.pentaho.platform.engine.services.solution.SolutionEngine.executeInternal(SolutionEngine.java:386)
	at org.pentaho.platform.engine.services.solution.SolutionEngine.execute(SolutionEngine.java:305)
	at org.pentaho.platform.engine.services.solution.SolutionEngine.execute(SolutionEngine.java:184)
	at org.pentaho.platform.engine.core.system.PentahoSystem.globalStartup(PentahoSystem.java:868)
	at org.pentaho.platform.engine.core.system.PentahoSystem$2.call(PentahoSystem.java:825)
	at org.pentaho.platform.engine.core.system.PentahoSystem$2.call(PentahoSystem.java:822)
	at org.pentaho.platform.engine.security.SecurityHelper.runAsSystem(SecurityHelper.java:389)
	at org.pentaho.platform.engine.core.system.PentahoSystem.globalStartup(PentahoSystem.java:822)
	at org.pentaho.platform.engine.core.system.PentahoSystem.init(PentahoSystem.java:282)
	at org.pentaho.platform.engine.core.system.PentahoSystem.init(PentahoSystem.java:182)
	at org.pentaho.platform.web.http.context.SolutionContextListener.contextInitialized(SolutionContextListener.java:136)
	at org.apache.catalina.core.StandardContext.listenerStart(StandardContext.java:4210)
	at org.apache.catalina.core.StandardContext.start(StandardContext.java:4709)
	at org.apache.catalina.core.ContainerBase.addChildInternal(ContainerBase.java:799)
	at org.apache.catalina.core.ContainerBase.addChild(ContainerBase.java:779)
	at org.apache.catalina.core.StandardHost.addChild(StandardHost.java:583)
	at org.apache.catalina.startup.HostConfig.deployDescriptor(HostConfig.java:675)
	at org.apache.catalina.startup.HostConfig.deployDescriptors(HostConfig.java:601)
	at org.apache.catalina.startup.HostConfig.deployApps(HostConfig.java:502)
	at org.apache.catalina.startup.HostConfig.start(HostConfig.java:1317)
	at org.apache.catalina.startup.HostConfig.lifecycleEvent(HostConfig.java:324)
	at org.apache.catalina.util.LifecycleSupport.fireLifecycleEvent(LifecycleSupport.java:142)
	at org.apache.catalina.core.ContainerBase.start(ContainerBase.java:1065)
	at org.apache.catalina.core.StandardHost.start(StandardHost.java:822)
	at org.apache.catalina.core.ContainerBase.start(ContainerBase.java:1057)
	at org.apache.catalina.core.StandardEngine.start(StandardEngine.java:463)
	at org.apache.catalina.core.StandardService.start(StandardService.java:525)
	at org.apache.catalina.core.StandardServer.start(StandardServer.java:754)
	at org.apache.catalina.startup.Catalina.start(Catalina.java:595)
	at sun.reflect.NativeMethodAccessorImpl.invoke0(Native Method)
	at sun.reflect.NativeMethodAccessorImpl.invoke(NativeMethodAccessorImpl.java:39)
	at sun.reflect.DelegatingMethodAccessorImpl.invoke(DelegatingMethodAccessorImpl.java:25)
	at java.lang.reflect.Method.invoke(Method.java:597)
	at org.apache.catalina.startup.Bootstrap.start(Bootstrap.java:289)
	at org.apache.catalina.startup.Bootstrap.main(Bootstrap.java:414)
Caused by: org.pentaho.platform.api.data.DBDatasourceServiceException: javax.naming.NameNotFoundException: Name SampleData is not bound in this Context
	at org.pentaho.platform.engine.services.connection.datasource.dbcp.BaseDatasourceService.getJndiDataSource(BaseDatasourceService.java:113)
	at org.pentaho.platform.engine.services.connection.datasource.dbcp.PooledOrJndiDatasourceService.retrieve(PooledOrJndiDatasourceService.java:60)
	... 51 more
Caused by: javax.naming.NameNotFoundException: Name SampleData is not bound in this Context
	at org.apache.naming.NamingContext.lookup(NamingContext.java:770)
	at org.apache.naming.NamingContext.lookup(NamingContext.java:153)
	at org.apache.naming.SelectorContext.lookup(SelectorContext.java:152)
	at javax.naming.InitialContext.lookup(InitialContext.java:392)
	at org.pentaho.platform.engine.services.connection.datasource.dbcp.BaseDatasourceService.getJndiDataSource(BaseDatasourceService.java:73)
	... 52 more
2014-12-12 16:11:24,687 ERROR [org.pentaho.platform.plugin.action.sql.SQLLookupRule] Error end:
2014-12-12 16:11:24,690 ERROR [org.pentaho.platform.plugin.action.sql.SQLLookupRule] 76651d45-81d6-11e4-8592-94de8020054a:COMPONENT:context-1299469995-1418371883745:global-department-list.xactionSQLBaseComponent.ERROR_0007 - [zh_CN_406] Connection to data source is not valid
2014-12-12 16:11:24,700 ERROR [org.pentaho.platform.engine.services.solution.SolutionEngine] 76651d45-81d6-11e4-8592-94de8020054a:SOLUTION-ENGINE:/public/bi-developers/Secure/global-department-list.xaction: Action Sequence execution failed, see details below
| Error Time: 2014年12月12日 星期五 下午04时11分24秒 CST
| Session ID: admin
| Instance Id: 76651d45-81d6-11e4-8592-94de8020054a
| Action Sequence: global-department-list.xaction
| Execution Stack:
EXECUTING ACTION: Query For Departments (SQLLookupRule)
| Action Class: SQLLookupRule
| Action Desc: Query For Departments
| Loop Index: 0
Stack Trace:org.pentaho.platform.api.engine.ActionExecutionException: RuntimeContext.ERROR_0017 - 活动无法执行 
	at org.pentaho.platform.engine.services.runtime.RuntimeContext.executeComponent(RuntimeContext.java:1342)
	at org.pentaho.platform.engine.services.runtime.RuntimeContext.executeAction(RuntimeContext.java:1280)
	at org.pentaho.platform.engine.services.runtime.RuntimeContext.performActions(RuntimeContext.java:1177)
	at org.pentaho.platform.engine.services.runtime.RuntimeContext.executeLoop(RuntimeContext.java:1123)
	at org.pentaho.platform.engine.services.runtime.RuntimeContext.executeSequence(RuntimeContext.java:1005)
	at org.pentaho.platform.engine.services.runtime.RuntimeContext.executeSequence(RuntimeContext.java:911)
	at org.pentaho.platform.engine.services.solution.SolutionEngine.executeInternal(SolutionEngine.java:386)
	at org.pentaho.platform.engine.services.solution.SolutionEngine.execute(SolutionEngine.java:305)
	at org.pentaho.platform.engine.services.solution.SolutionEngine.execute(SolutionEngine.java:184)
	at org.pentaho.platform.engine.core.system.PentahoSystem.globalStartup(PentahoSystem.java:868)
	at org.pentaho.platform.engine.core.system.PentahoSystem$2.call(PentahoSystem.java:825)
	at org.pentaho.platform.engine.core.system.PentahoSystem$2.call(PentahoSystem.java:822)
	at org.pentaho.platform.engine.security.SecurityHelper.runAsSystem(SecurityHelper.java:389)
	at org.pentaho.platform.engine.core.system.PentahoSystem.globalStartup(PentahoSystem.java:822)
	at org.pentaho.platform.engine.core.system.PentahoSystem.init(PentahoSystem.java:282)
	at org.pentaho.platform.engine.core.system.PentahoSystem.init(PentahoSystem.java:182)
	at org.pentaho.platform.web.http.context.SolutionContextListener.contextInitialized(SolutionContextListener.java:136)
	at org.apache.catalina.core.StandardContext.listenerStart(StandardContext.java:4210)
	at org.apache.catalina.core.StandardContext.start(StandardContext.java:4709)
	at org.apache.catalina.core.ContainerBase.addChildInternal(ContainerBase.java:799)
	at org.apache.catalina.core.ContainerBase.addChild(ContainerBase.java:779)
	at org.apache.catalina.core.StandardHost.addChild(StandardHost.java:583)
	at org.apache.catalina.startup.HostConfig.deployDescriptor(HostConfig.java:675)
	at org.apache.catalina.startup.HostConfig.deployDescriptors(HostConfig.java:601)
	at org.apache.catalina.startup.HostConfig.deployApps(HostConfig.java:502)
	at org.apache.catalina.startup.HostConfig.start(HostConfig.java:1317)
	at org.apache.catalina.startup.HostConfig.lifecycleEvent(HostConfig.java:324)
	at org.apache.catalina.util.LifecycleSupport.fireLifecycleEvent(LifecycleSupport.java:142)
	at org.apache.catalina.core.ContainerBase.start(ContainerBase.java:1065)
	at org.apache.catalina.core.StandardHost.start(StandardHost.java:822)
	at org.apache.catalina.core.ContainerBase.start(ContainerBase.java:1057)
	at org.apache.catalina.core.StandardEngine.start(StandardEngine.java:463)
	at org.apache.catalina.core.StandardService.start(StandardService.java:525)
	at org.apache.catalina.core.StandardServer.start(StandardServer.java:754)
	at org.apache.catalina.startup.Catalina.start(Catalina.java:595)
	at sun.reflect.NativeMethodAccessorImpl.invoke0(Native Method)
	at sun.reflect.NativeMethodAccessorImpl.invoke(NativeMethodAccessorImpl.java:39)
	at sun.reflect.DelegatingMethodAccessorImpl.invoke(DelegatingMethodAccessorImpl.java:25)
	at java.lang.reflect.Method.invoke(Method.java:597)
	at org.apache.catalina.startup.Bootstrap.start(Bootstrap.java:289)
	at org.apache.catalina.startup.Bootstrap.main(Bootstrap.java:414)

2014-12-12 16:12:02,481 ERROR [org.pentaho.platform.web.servlet.GenericServlet] GenericServlet.ERROR_0004 - Resource /openi/ui/openi_supported_languages.properties not found in plugin openi
2014-12-12 16:17:17,128 ERROR [org.pentaho.platform.web.servlet.GenericServlet] GenericServlet.ERROR_0004 - Resource /openi/scripts/openi/openi.js not found in plugin openi
 ERROR [org.pentaho.reporting.libraries.base.boot.AbstractBoot] class org.pentaho.reporting.engine.classic.core.ClassicEngineBoot failed to boot: 
java.lang.NullPointerException
	at org.apache.commons.logging.impl.SLF4JLocationAwareLog.debug(SLF4JLocationAwareLog.java:133)
	at org.pentaho.reporting.libraries.base.boot.PackageManager.load(PackageManager.java:264)
	at org.pentaho.reporting.engine.classic.core.ClassicEngineBoot.performBoot(ClassicEngineBoot.java:297)
	at org.pentaho.reporting.libraries.base.boot.AbstractBoot.start(AbstractBoot.java:202)
	at org.pentaho.reporting.platform.plugin.ReportingSystemStartupListener.startup(ReportingSystemStartupListener.java:71)
	at org.pentaho.reporting.platform.plugin.SimpleReportingAction.<clinit>(SimpleReportingAction.java:128)
	at sun.misc.Unsafe.ensureClassInitialized(Native Method)
	at sun.reflect.UnsafeFieldAccessorFactory.newFieldAccessor(UnsafeFieldAccessorFactory.java:25)
	at sun.reflect.ReflectionFactory.newFieldAccessor(ReflectionFactory.java:122)
	at java.lang.reflect.Field.acquireFieldAccessor(Field.java:918)
	at java.lang.reflect.Field.getFieldAccessor(Field.java:899)
	at java.lang.reflect.Field.get(Field.java:358)
	at org.apache.catalina.loader.WebappClassLoader.clearReferencesStaticFinal(WebappClassLoader.java:2066)
	at org.apache.catalina.loader.WebappClassLoader.clearReferences(WebappClassLoader.java:1929)
	at org.apache.catalina.loader.WebappClassLoader.stop(WebappClassLoader.java:1833)
	at org.apache.catalina.loader.WebappLoader.stop(WebappLoader.java:740)
	at org.apache.catalina.core.StandardContext.stop(StandardContext.java:4924)
	at org.apache.catalina.core.ContainerBase.removeChild(ContainerBase.java:936)
	at org.apache.catalina.startup.HostConfig.undeployApps(HostConfig.java:1359)
	at org.apache.catalina.startup.HostConfig.stop(HostConfig.java:1330)
	at org.apache.catalina.startup.HostConfig.lifecycleEvent(HostConfig.java:326)
	at org.apache.catalina.util.LifecycleSupport.fireLifecycleEvent(LifecycleSupport.java:142)
	at org.apache.catalina.core.ContainerBase.stop(ContainerBase.java:1098)
	at org.apache.catalina.core.ContainerBase.stop(ContainerBase.java:1110)
	at org.apache.catalina.core.StandardEngine.stop(StandardEngine.java:468)
	at org.apache.catalina.core.StandardService.stop(StandardService.java:604)
	at org.apache.catalina.core.StandardServer.stop(StandardServer.java:788)
	at org.apache.catalina.startup.Catalina.stop(Catalina.java:662)
	at org.apache.catalina.startup.Catalina$CatalinaShutdownHook.run(Catalina.java:706)
